0 info it worked if it ends with ok
1 verbose cli [ 'node', '/usr/local/bin/npm', 'i', 'modernizr', '--save-dev' ]
2 info using npm@2.11.2
3 info using node@v0.12.5
4 verbose install initial load of /Users/zxgerong/project/opensource/blog/pages/package.json
5 warn package.json pages@1.0.0 No repository field.
6 verbose installManyTop reading scoped package data from /Users/zxgerong/project/opensource/blog/pages/node_modules/babel/package.json
7 verbose installManyTop reading scoped package data from /Users/zxgerong/project/opensource/blog/pages/node_modules/bootstrap/package.json
8 verbose installManyTop reading scoped package data from /Users/zxgerong/project/opensource/blog/pages/node_modules/browser-sync/package.json
9 verbose installManyTop reading scoped package data from /Users/zxgerong/project/opensource/blog/pages/node_modules/chalk/package.json
10 verbose installManyTop reading scoped package data from /Users/zxgerong/project/opensource/blog/pages/node_modules/del/package.json
11 verbose installManyTop reading scoped package data from /Users/zxgerong/project/opensource/blog/pages/node_modules/gulp/package.json
12 verbose installManyTop reading scoped package data from /Users/zxgerong/project/opensource/blog/pages/node_modules/gulp-babel/package.json
13 verbose installManyTop reading scoped package data from /Users/zxgerong/project/opensource/blog/pages/node_modules/gulp-clean/package.json
14 verbose installManyTop reading scoped package data from /Users/zxgerong/project/opensource/blog/pages/node_modules/gulp-concat/package.json
15 verbose installManyTop reading scoped package data from /Users/zxgerong/project/opensource/blog/pages/node_modules/gulp-sass/package.json
16 verbose installManyTop reading scoped package data from /Users/zxgerong/project/opensource/blog/pages/node_modules/gulp-sourcemaps/package.json
17 verbose installManyTop reading scoped package data from /Users/zxgerong/project/opensource/blog/pages/node_modules/gulp-util/package.json
18 verbose installManyTop reading scoped package data from /Users/zxgerong/project/opensource/blog/pages/node_modules/jcarousel/package.json
19 verbose installManyTop reading scoped package data from /Users/zxgerong/project/opensource/blog/pages/node_modules/jquery/package.json
20 verbose installManyTop reading scoped package data from /Users/zxgerong/project/opensource/blog/pages/node_modules/lodash/package.json
21 verbose installManyTop reading scoped package data from /Users/zxgerong/project/opensource/blog/pages/node_modules/merge-stream/package.json
22 verbose installManyTop reading scoped package data from /Users/zxgerong/project/opensource/blog/pages/node_modules/normalize.css/package.json
23 info package.json jquery@2.1.4 No license field.
24 info package.json gulp-clean@0.3.1 No license field.
25 info package.json jcarousel@0.3.2 No license field.
26 verbose readDependencies loading dependencies from /Users/zxgerong/project/opensource/blog/pages/package.json
27 silly cache add args [ 'modernizr', null ]
28 verbose cache add spec modernizr
29 silly cache add parsed spec { raw: 'modernizr',
29 silly cache add   scope: null,
29 silly cache add   name: 'modernizr',
29 silly cache add   rawSpec: '',
29 silly cache add   spec: '*',
29 silly cache add   type: 'range' }
30 silly addNamed modernizr@*
31 verbose addNamed "*" is a valid semver range for modernizr
32 silly addNameRange { name: 'modernizr', range: '*', hasData: false }
33 silly mapToRegistry name modernizr
34 silly mapToRegistry using default registry
35 silly mapToRegistry registry https://registry.npmjs.org/
36 silly mapToRegistry uri https://registry.npmjs.org/modernizr
37 verbose addNameRange registry:https://registry.npmjs.org/modernizr not in flight; fetching
38 verbose request uri https://registry.npmjs.org/modernizr
39 verbose request no auth needed
40 info attempt registry request try #1 at 07:12:58
41 verbose request id b6360e406a066aeb
42 http request GET https://registry.npmjs.org/modernizr
43 http 200 https://registry.npmjs.org/modernizr
44 silly get cb [ 200,
44 silly get   { server: 'CouchDB/1.5.0 (Erlang OTP/R16B03)',
44 silly get     etag: '"4IEYYPFOGEM8F8V2SOSL6ZYTH"',
44 silly get     'content-type': 'application/json',
44 silly get     'cache-control': 'max-age=60',
44 silly get     'content-length': '14737',
44 silly get     'accept-ranges': 'bytes',
44 silly get     date: 'Thu, 06 Aug 2015 23:13:00 GMT',
44 silly get     via: '1.1 varnish',
44 silly get     age: '0',
44 silly get     connection: 'keep-alive',
44 silly get     'x-served-by': 'cache-nrt6125-NRT',
44 silly get     'x-cache': 'MISS',
44 silly get     'x-cache-hits': '0',
44 silly get     'x-timer': 'S1438902779.540890,VS0,VE951',
44 silly get     vary: 'Accept' } ]
45 verbose get saving modernizr to /Users/zxgerong/.npm/registry.npmjs.org/modernizr/.cache.json
46 silly addNameRange number 2 { name: 'modernizr', range: '*', hasData: true }
47 silly addNameRange versions [ 'modernizr',
47 silly addNameRange   [ '3.0.0-pre',
47 silly addNameRange     '3.0.0-alpha',
47 silly addNameRange     '3.0.0-alpha.2',
47 silly addNameRange     '3.0.0-alpha.3',
47 silly addNameRange     '3.0.0-alpha.4' ] ]
48 verbose stack Error: No compatible version found: modernizr@'*'
48 verbose stack Valid install targets:
48 verbose stack ["3.0.0-pre","3.0.0-alpha","3.0.0-alpha.2","3.0.0-alpha.3","3.0.0-alpha.4"]
48 verbose stack
48 verbose stack     at installTargetsError (/usr/local/lib/node_modules/npm/lib/cache/add-named.js:274:12)
48 verbose stack     at next (/usr/local/lib/node_modules/npm/lib/cache/add-named.js:253:17)
48 verbose stack     at setData (/usr/local/lib/node_modules/npm/lib/cache/add-named.js:230:5)
48 verbose stack     at RES (/usr/local/lib/node_modules/npm/node_modules/inflight/inflight.js:23:14)
48 verbose stack     at f (/usr/local/lib/node_modules/npm/node_modules/once/once.js:17:25)
48 verbose stack     at fixName (/usr/local/lib/node_modules/npm/lib/cache/add-named.js:29:5)
48 verbose stack     at saved (/usr/local/lib/node_modules/npm/lib/cache/caching-client.js:173:7)
48 verbose stack     at FSReqWrap.oncomplete (fs.js:95:15)
49 verbose cwd /Users/zxgerong/project/opensource/blog/pages
50 error Darwin 14.4.0
51 error argv "node" "/usr/local/bin/npm" "i" "modernizr" "--save-dev"
52 error node v0.12.5
53 error npm  v2.11.2
54 error code ETARGET
55 error notarget No compatible version found: modernizr@'*'
55 error notarget Valid install targets:
55 error notarget ["3.0.0-pre","3.0.0-alpha","3.0.0-alpha.2","3.0.0-alpha.3","3.0.0-alpha.4"]
55 error notarget
55 error notarget This is most likely not a problem with npm itself.
55 error notarget In most cases you or one of your dependencies are requesting
55 error notarget a package version that doesn't exist.
55 error notarget
55 error notarget It was specified as a dependency of 'pages'
56 verbose exit [ 1, true ]
